c:\users\alex_jaeger\desktop\graphprog\animal3d\animal3d sdk\lib\x64\v142\debug\animal3d-demoplugin.lib
c:\users\alex_jaeger\desktop\graphprog\animal3d\animal3d sdk\lib\x64\v142\debug\animal3d-demoplugin.exp
c:\users\alex_jaeger\desktop\graphprog\animal3d\animal3d sdk\project\visualstudio\animal3d-demoplugin\build\x64\v142\debug\vc142.pdb
c:\users\alex_jaeger\desktop\graphprog\animal3d\animal3d sdk\project\visualstudio\animal3d-demoplugin\build\x64\v142\debug\main_dll.obj
c:\users\alex_jaeger\desktop\graphprog\animal3d\animal3d sdk\project\visualstudio\animal3d-demoplugin\build\x64\v142\debug\a3_hierarchy.obj
c:\users\alex_jaeger\desktop\graphprog\animal3d\animal3d sdk\project\visualstudio\animal3d-demoplugin\build\x64\v142\debug\a3_demosceneobject.obj
c:\users\alex_jaeger\desktop\graphprog\animal3d\animal3d sdk\project\visualstudio\animal3d-demoplugin\build\x64\v142\debug\a3_demorenderutils.obj
c:\users\alex_jaeger\desktop\graphprog\animal3d\animal3d sdk\project\visualstudio\animal3d-demoplugin\build\x64\v142\debug\_a3_demo_callbacks.obj
c:\users\alex_jaeger\desktop\graphprog\animal3d\animal3d sdk\project\visualstudio\animal3d-demoplugin\build\x64\v142\debug\a3_demostate-unload.obj
c:\users\alex_jaeger\desktop\graphprog\animal3d\animal3d sdk\project\visualstudio\animal3d-demoplugin\build\x64\v142\debug\a3_demostate-load.obj
c:\users\alex_jaeger\desktop\graphprog\animal3d\animal3d sdk\project\visualstudio\animal3d-demoplugin\build\x64\v142\debug\a3_demostate-idle-update.obj
c:\users\alex_jaeger\desktop\graphprog\animal3d\animal3d sdk\project\visualstudio\animal3d-demoplugin\build\x64\v142\debug\a3_demostate-idle-render.obj
c:\users\alex_jaeger\desktop\graphprog\animal3d\animal3d sdk\project\visualstudio\animal3d-demoplugin\build\x64\v142\debug\a3_demostate-idle-input.obj
c:\users\alex_jaeger\desktop\graphprog\animal3d\animal3d sdk\project\visualstudio\animal3d-demoplugin\build\x64\v142\debug\a3_demomode0_intro-unload.obj
c:\users\alex_jaeger\desktop\graphprog\animal3d\animal3d sdk\project\visualstudio\animal3d-demoplugin\build\x64\v142\debug\a3_demomode0_intro-load.obj
c:\users\alex_jaeger\desktop\graphprog\animal3d\animal3d sdk\project\visualstudio\animal3d-demoplugin\build\x64\v142\debug\a3_demomode0_intro-idle-update.obj
c:\users\alex_jaeger\desktop\graphprog\animal3d\animal3d sdk\project\visualstudio\animal3d-demoplugin\build\x64\v142\debug\a3_demomode0_intro-idle-render.obj
c:\users\alex_jaeger\desktop\graphprog\animal3d\animal3d sdk\project\visualstudio\animal3d-demoplugin\build\x64\v142\debug\a3_demomode0_intro-idle-input.obj
c:\users\alex_jaeger\desktop\graphprog\animal3d\animal3d sdk\lib\x64\v142\debug\animal3d-demoplugin.ilk
c:\users\alex_jaeger\desktop\graphprog\animal3d\animal3d sdk\lib\x64\v142\debug\animal3d-demoplugin.dll
c:\users\alex_jaeger\desktop\graphprog\animal3d\animal3d sdk\lib\x64\v142\debug\animal3d-demoplugin.pdb
c:\users\alex_jaeger\desktop\graphprog\animal3d\animal3d sdk\project\visualstudio\animal3d-demoplugin\build\x64\v142\debug\animal3d.3510fdb9.tlog\animal3d-demoplugin.write.1u.tlog
c:\users\alex_jaeger\desktop\graphprog\animal3d\animal3d sdk\project\visualstudio\animal3d-demoplugin\build\x64\v142\debug\animal3d.3510fdb9.tlog\cl.command.1.tlog
c:\users\alex_jaeger\desktop\graphprog\animal3d\animal3d sdk\project\visualstudio\animal3d-demoplugin\build\x64\v142\debug\animal3d.3510fdb9.tlog\cl.read.1.tlog
c:\users\alex_jaeger\desktop\graphprog\animal3d\animal3d sdk\project\visualstudio\animal3d-demoplugin\build\x64\v142\debug\animal3d.3510fdb9.tlog\cl.write.1.tlog
c:\users\alex_jaeger\desktop\graphprog\animal3d\animal3d sdk\project\visualstudio\animal3d-demoplugin\build\x64\v142\debug\animal3d.3510fdb9.tlog\link.command.1.tlog
c:\users\alex_jaeger\desktop\graphprog\animal3d\animal3d sdk\project\visualstudio\animal3d-demoplugin\build\x64\v142\debug\animal3d.3510fdb9.tlog\link.read.1.tlog
c:\users\alex_jaeger\desktop\graphprog\animal3d\animal3d sdk\project\visualstudio\animal3d-demoplugin\build\x64\v142\debug\animal3d.3510fdb9.tlog\link.write.1.tlog
